<?xml version="1.0" encoding="UTF-8"?>
<testng-results skipped="0" failed="2" ignored="0" total="7" passed="5">
  <reporter-output>
  </reporter-output>
  <suite name="OsintMon Suite" duration-ms="162169" started-at="2020-10-04T18:04:32Z" finished-at="2020-10-04T18:07:15Z">
    <groups>
    </groups>
    <test name="VerifyTitle" duration-ms="1382" started-at="2020-10-04T18:04:32Z" finished-at="2020-10-04T18:04:34Z">
      <class name="osintMonTestCases.VerifyTitle">
        <test-method status="PASS" signature="verifyPageTitle()[pri:0, instance:osintMonTestCases.VerifyTitle@79e2c065]" name="verifyPageTitle" duration-ms="42" started-at="2020-10-04T18:04:33Z" finished-at="2020-10-04T18:04:33Z">
          <reporter-output>
          </reporter-output>
        </test-method> <!-- verifyPageTitle -->
        <test-method status="PASS" signature="getResult(org.testng.ITestResult)[pri:0, instance:osintMonTestCases.VerifyTitle@79e2c065]" name="getResult" is-config="true" duration-ms="18" started-at="2020-10-04T18:04:33Z" finished-at="2020-10-04T18:04:33Z">
          <params>
            <param index="0">
              <value>
                <![CDATA[[TestResult name=verifyPageTitle status=SUCCESS method=VerifyTitle.verifyPageTitle()[pri:0, instance:osintMonTestCases.VerifyTitle@79e2c065] output={null}]]]>
              </value>
            </param>
          </params>
          <reporter-output>
          </reporter-output>
        </test-method> <!-- getResult -->
        <test-method status="PASS" signature="endReport()[pri:0, instance:osintMonTestCases.VerifyTitle@79e2c065]" name="endReport" is-config="true" duration-ms="1260" started-at="2020-10-04T18:04:33Z" finished-at="2020-10-04T18:04:34Z">
          <reporter-output>
          </reporter-output>
        </test-method> <!-- endReport -->
      </class> <!-- osintMonTestCases.VerifyTitle -->
    </test> <!-- VerifyTitle -->
    <test name="NoCredentials" duration-ms="80834" started-at="2020-10-04T18:04:34Z" finished-at="2020-10-04T18:05:55Z">
      <class name="invalidTestCases.InvalidLogin">
        <test-method status="FAIL" signature="NoCredentials()[pri:1, instance:invalidTestCases.InvalidLogin@3349e9bb]" name="NoCredentials" duration-ms="66242" started-at="2020-10-04T18:04:34Z" finished-at="2020-10-04T18:05:40Z">
          <exception class="org.openqa.selenium.remote.UnreachableBrowserException">
            <message>
              <![CDATA[Error communicating with the remote browser. It may have died.
Build info: version: '4.0.0-alpha-6', revision: '5f43a29cfc'
System info: host: 'DESKTOP-EAC6D0I', ip: '192.168.29.122', os.name: 'Windows 10', os.arch: 'amd64', os.version: '10.0', java.version: '1.8.0_191'
Driver info: driver.version: RemoteWebDriver
Capabilities {acceptInsecureCerts: false, browserName: chrome, browserVersion: 85.0.4183.121, chrome: {chromedriverVersion: 85.0.4183.87 (cd6713ebf92fa..., userDataDir: C:\Users\phane\AppData\Loca...}, goog:chromeOptions: {debuggerAddress: localhost:59214}, javascriptEnabled: true, networkConnectionEnabled: false, pageLoadStrategy: normal, platform: WINDOWS, platformName: WINDOWS, proxy: Proxy(), setWindowRect: true, strictFileInteractability: false, timeouts: {implicit: 0, pageLoad: 300000, script: 30000}, unhandledPromptBehavior: dismiss and notify, webauthn:virtualAuthenticators: true}
Session ID: 43428faed658ad7c198ce95842eb7158]]>
            </message>
            <full-stacktrace>
              <![CDATA[org.openqa.selenium.remote.UnreachableBrowserException: Error communicating with the remote browser. It may have died.
Build info: version: '4.0.0-alpha-6', revision: '5f43a29cfc'
System info: host: 'DESKTOP-EAC6D0I', ip: '192.168.29.122', os.name: 'Windows 10', os.arch: 'amd64', os.version: '10.0', java.version: '1.8.0_191'
Driver info: driver.version: RemoteWebDriver
Capabilities {acceptInsecureCerts: false, browserName: chrome, browserVersion: 85.0.4183.121, chrome: {chromedriverVersion: 85.0.4183.87 (cd6713ebf92fa..., userDataDir: C:\Users\phane\AppData\Loca...}, goog:chromeOptions: {debuggerAddress: localhost:59214}, javascriptEnabled: true, networkConnectionEnabled: false, pageLoadStrategy: normal, platform: WINDOWS, platformName: WINDOWS, proxy: Proxy(), setWindowRect: true, strictFileInteractability: false, timeouts: {implicit: 0, pageLoad: 300000, script: 30000}, unhandledPromptBehavior: dismiss and notify, webauthn:virtualAuthenticators: true}
Session ID: 43428faed658ad7c198ce95842eb7158
at org.openqa.selenium.remote.RemoteWebDriver.execute(RemoteWebDriver.java:603)
at org.openqa.selenium.remote.RemoteWebDriver.findElement(RemoteWebDriver.java:333)
at org.openqa.selenium.remote.RemoteWebDriver.findElementById(RemoteWebDriver.java:381)
at org.openqa.selenium.By$ById.findElement(By.java:194)
at org.openqa.selenium.remote.RemoteWebDriver.findElement(RemoteWebDriver.java:325)
at invalidTestCases.InvalidLogin.NoCredentials(InvalidLogin.java:31)
at sun.reflect.NativeMethodAccessorImpl.invoke0(Native Method)
at sun.reflect.NativeMethodAccessorImpl.invoke(NativeMethodAccessorImpl.java:62)
at sun.reflect.DelegatingMethodAccessorImpl.invoke(DelegatingMethodAccessorImpl.java:43)
at java.lang.reflect.Method.invoke(Method.java:498)
at org.testng.internal.MethodInvocationHelper.invokeMethod(MethodInvocationHelper.java:124)
at org.testng.internal.Invoker.invokeMethod(Invoker.java:583)
at org.testng.internal.Invoker.invokeTestMethod(Invoker.java:719)
at org.testng.internal.Invoker.invokeTestMethods(Invoker.java:989)
at org.testng.internal.TestMethodWorker.invokeTestMethods(TestMethodWorker.java:125)
at org.testng.internal.TestMethodWorker.run(TestMethodWorker.java:109)
at org.testng.TestRunner.privateRun(TestRunner.java:648)
at org.testng.TestRunner.run(TestRunner.java:505)
at org.testng.SuiteRunner.runTest(SuiteRunner.java:455)
at org.testng.SuiteRunner.runSequentially(SuiteRunner.java:450)
at org.testng.SuiteRunner.privateRun(SuiteRunner.java:415)
at org.testng.SuiteRunner.run(SuiteRunner.java:364)
at org.testng.SuiteRunnerWorker.runSuite(SuiteRunnerWorker.java:52)
at org.testng.SuiteRunnerWorker.run(SuiteRunnerWorker.java:84)
at org.testng.TestNG.runSuitesSequentially(TestNG.java:1208)
at org.testng.TestNG.runSuitesLocally(TestNG.java:1137)
at org.testng.TestNG.runSuites(TestNG.java:1049)
at org.testng.TestNG.run(TestNG.java:1017)
at org.testng.remote.AbstractRemoteTestNG.run(AbstractRemoteTestNG.java:115)
at org.testng.remote.RemoteTestNG.initAndRun(RemoteTestNG.java:251)
at org.testng.remote.RemoteTestNG.main(RemoteTestNG.java:77)
Caused by: java.lang.RuntimeException: NettyHttpHandler request execution error
at org.openqa.selenium.remote.http.netty.NettyHttpHandler.makeCall(NettyHttpHandler.java:72)
at org.openqa.selenium.remote.http.AddSeleniumUserAgent.lambda$apply$0(AddSeleniumUserAgent.java:42)
at org.openqa.selenium.remote.http.Filter.lambda$andFinally$1(Filter.java:56)
at org.openqa.selenium.remote.http.netty.NettyHttpHandler.execute(NettyHttpHandler.java:47)
at org.openqa.selenium.remote.http.AddSeleniumUserAgent.lambda$apply$0(AddSeleniumUserAgent.java:42)
at org.openqa.selenium.remote.http.Filter.lambda$andFinally$1(Filter.java:56)
at org.openqa.selenium.remote.http.netty.NettyClient.execute(NettyClient.java:55)
at org.openqa.selenium.remote.HttpCommandExecutor.execute(HttpCommandExecutor.java:157)
at org.openqa.selenium.remote.service.DriverCommandExecutor.execute(DriverCommandExecutor.java:83)
at org.openqa.selenium.remote.RemoteWebDriver.execute(RemoteWebDriver.java:582)
... 30 more
Caused by: java.util.concurrent.ExecutionException: java.util.concurrent.TimeoutException: Request timeout to localhost/127.0.0.1:44275 after 60000 ms
at java.util.concurrent.CompletableFuture.reportGet(CompletableFuture.java:357)
at java.util.concurrent.CompletableFuture.get(CompletableFuture.java:1895)
at org.asynchttpclient.netty.NettyResponseFuture.get(NettyResponseFuture.java:201)
at org.openqa.selenium.remote.http.netty.NettyHttpHandler.makeCall(NettyHttpHandler.java:57)
... 39 more
Caused by: java.util.concurrent.TimeoutException: Request timeout to localhost/127.0.0.1:44275 after 60000 ms
at org.asynchttpclient.netty.timeout.TimeoutTimerTask.expire(TimeoutTimerTask.java:43)
at org.asynchttpclient.netty.timeout.RequestTimeoutTimerTask.run(RequestTimeoutTimerTask.java:50)
at io.netty.util.HashedWheelTimer$HashedWheelTimeout.expire(HashedWheelTimer.java:672)
at io.netty.util.HashedWheelTimer$HashedWheelBucket.expireTimeouts(HashedWheelTimer.java:747)
at io.netty.util.HashedWheelTimer$Worker.run(HashedWheelTimer.java:472)
at io.netty.util.concurrent.FastThreadLocalRunnable.run(FastThreadLocalRunnable.java:30)
at java.lang.Thread.run(Thread.java:748)
]]>
            </full-stacktrace>
          </exception> <!-- org.openqa.selenium.remote.UnreachableBrowserException -->
          <reporter-output>
          </reporter-output>
        </test-method> <!-- NoCredentials -->
        <test-method status="PASS" signature="getResult(org.testng.ITestResult)[pri:0, instance:invalidTestCases.InvalidLogin@3349e9bb]" name="getResult" is-config="true" duration-ms="9684" started-at="2020-10-04T18:05:40Z" finished-at="2020-10-04T18:05:50Z">
          <params>
            <param index="0">
              <value>
                <![CDATA[[TestResult name=NoCredentials status=FAILURE method=InvalidLogin.NoCredentials()[pri:1, instance:invalidTestCases.InvalidLogin@3349e9bb] output={null}]]]>
              </value>
            </param>
          </params>
          <reporter-output>
          </reporter-output>
        </test-method> <!-- getResult -->
        <test-method status="PASS" signature="InvalidCredentials()[pri:2, instance:invalidTestCases.InvalidLogin@3349e9bb]" name="InvalidCredentials" duration-ms="4764" started-at="2020-10-04T18:05:50Z" finished-at="2020-10-04T18:05:55Z">
          <reporter-output>
          </reporter-output>
        </test-method> <!-- InvalidCredentials -->
        <test-method status="PASS" signature="getResult(org.testng.ITestResult)[pri:0, instance:invalidTestCases.InvalidLogin@3349e9bb]" name="getResult" is-config="true" duration-ms="2" started-at="2020-10-04T18:05:55Z" finished-at="2020-10-04T18:05:55Z">
          <params>
            <param index="0">
              <value>
                <![CDATA[[TestResult name=InvalidCredentials status=SUCCESS method=InvalidLogin.InvalidCredentials()[pri:2, instance:invalidTestCases.InvalidLogin@3349e9bb] output={null}]]]>
              </value>
            </param>
          </params>
          <reporter-output>
          </reporter-output>
        </test-method> <!-- getResult -->
        <test-method status="PASS" signature="endReport()[pri:0, instance:invalidTestCases.InvalidLogin@3349e9bb]" name="endReport" is-config="true" duration-ms="52" started-at="2020-10-04T18:05:55Z" finished-at="2020-10-04T18:05:55Z">
          <reporter-output>
          </reporter-output>
        </test-method> <!-- endReport -->
      </class> <!-- invalidTestCases.InvalidLogin -->
    </test> <!-- NoCredentials -->
    <test name="ValidLogin" duration-ms="79898" started-at="2020-10-04T18:05:55Z" finished-at="2020-10-04T18:07:15Z">
      <class name="validTestcases.ValidLogin">
        <test-method status="PASS" signature="SetUrl()[pri:0, instance:validTestcases.ValidLogin@31304f14]" name="SetUrl" is-config="true" duration-ms="32497" started-at="2020-10-04T18:04:00Z" finished-at="2020-10-04T18:04:32Z">
          <reporter-output>
          </reporter-output>
        </test-method> <!-- SetUrl -->
        <test-method status="FAIL" signature="validCredentials(java.lang.String, java.lang.String, java.lang.String)[pri:3, instance:validTestcases.ValidLogin@31304f14]" name="validCredentials" duration-ms="29071" started-at="2020-10-04T18:05:55Z" finished-at="2020-10-04T18:06:24Z">
          <params>
            <param index="0">
              <value>
                <![CDATA[habeeb]]>
              </value>
            </param>
            <param index="1">
              <value>
                <![CDATA[habeeb@cts]]>
              </value>
            </param>
            <param index="2">
              <value>
                <![CDATA[Welcome Habeeb]]>
              </value>
            </param>
          </params>
          <exception class="org.openqa.selenium.NoSuchElementException">
            <message>
              <![CDATA[no such element: Unable to locate element: {"method":"xpath","selector":"(//button[@id='btnproceed'])[2]"}
  (Session info: chrome=85.0.4183.121)
For documentation on this error, please visit: https://selenium.dev/exceptions/#no_such_element
Build info: version: '4.0.0-alpha-6', revision: '5f43a29cfc'
System info: host: 'DESKTOP-EAC6D0I', ip: '192.168.29.122', os.name: 'Windows 10', os.arch: 'amd64', os.version: '10.0', java.version: '1.8.0_191'
Driver info: org.openqa.selenium.chrome.ChromeDriver
Capabilities {acceptInsecureCerts: false, browserName: chrome, browserVersion: 85.0.4183.121, chrome: {chromedriverVersion: 85.0.4183.87 (cd6713ebf92fa..., userDataDir: C:\Users\phane\AppData\Loca...}, goog:chromeOptions: {debuggerAddress: localhost:59214}, javascriptEnabled: true, networkConnectionEnabled: false, pageLoadStrategy: normal, platform: WINDOWS, platformName: WINDOWS, proxy: Proxy(), setWindowRect: true, strictFileInteractability: false, timeouts: {implicit: 0, pageLoad: 300000, script: 30000}, unhandledPromptBehavior: dismiss and notify, webauthn:virtualAuthenticators: true}
Session ID: 43428faed658ad7c198ce95842eb7158
*** Element info: {Using=xpath, value=(//button[@id='btnproceed'])[2]}]]>
            </message>
            <full-stacktrace>
              <![CDATA[org.openqa.selenium.NoSuchElementException: no such element: Unable to locate element: {"method":"xpath","selector":"(//button[@id='btnproceed'])[2]"}
  (Session info: chrome=85.0.4183.121)
For documentation on this error, please visit: https://selenium.dev/exceptions/#no_such_element
Build info: version: '4.0.0-alpha-6', revision: '5f43a29cfc'
System info: host: 'DESKTOP-EAC6D0I', ip: '192.168.29.122', os.name: 'Windows 10', os.arch: 'amd64', os.version: '10.0', java.version: '1.8.0_191'
Driver info: org.openqa.selenium.chrome.ChromeDriver
Capabilities {acceptInsecureCerts: false, browserName: chrome, browserVersion: 85.0.4183.121, chrome: {chromedriverVersion: 85.0.4183.87 (cd6713ebf92fa..., userDataDir: C:\Users\phane\AppData\Loca...}, goog:chromeOptions: {debuggerAddress: localhost:59214}, javascriptEnabled: true, networkConnectionEnabled: false, pageLoadStrategy: normal, platform: WINDOWS, platformName: WINDOWS, proxy: Proxy(), setWindowRect: true, strictFileInteractability: false, timeouts: {implicit: 0, pageLoad: 300000, script: 30000}, unhandledPromptBehavior: dismiss and notify, webauthn:virtualAuthenticators: true}
Session ID: 43428faed658ad7c198ce95842eb7158
*** Element info: {Using=xpath, value=(//button[@id='btnproceed'])[2]}
at sun.reflect.NativeConstructorAccessorImpl.newInstance0(Native Method)
at sun.reflect.NativeConstructorAccessorImpl.newInstance(NativeConstructorAccessorImpl.java:62)
at sun.reflect.DelegatingConstructorAccessorImpl.newInstance(DelegatingConstructorAccessorImpl.java:45)
at java.lang.reflect.Constructor.newInstance(Constructor.java:423)
at org.openqa.selenium.remote.codec.w3c.W3CHttpResponseCodec.createException(W3CHttpResponseCodec.java:196)
at org.openqa.selenium.remote.codec.w3c.W3CHttpResponseCodec.decode(W3CHttpResponseCodec.java:129)
at org.openqa.selenium.remote.codec.w3c.W3CHttpResponseCodec.decode(W3CHttpResponseCodec.java:53)
at org.openqa.selenium.remote.HttpCommandExecutor.execute(HttpCommandExecutor.java:160)
at org.openqa.selenium.remote.service.DriverCommandExecutor.execute(DriverCommandExecutor.java:83)
at org.openqa.selenium.remote.RemoteWebDriver.execute(RemoteWebDriver.java:582)
at org.openqa.selenium.remote.RemoteWebDriver.findElement(RemoteWebDriver.java:333)
at org.openqa.selenium.remote.RemoteWebDriver.findElementByXPath(RemoteWebDriver.java:451)
at org.openqa.selenium.By$ByXPath.findElement(By.java:394)
at org.openqa.selenium.remote.RemoteWebDriver.findElement(RemoteWebDriver.java:325)
at validTestcases.ValidLogin.validCredentials(ValidLogin.java:34)
at sun.reflect.NativeMethodAccessorImpl.invoke0(Native Method)
at sun.reflect.NativeMethodAccessorImpl.invoke(NativeMethodAccessorImpl.java:62)
at sun.reflect.DelegatingMethodAccessorImpl.invoke(DelegatingMethodAccessorImpl.java:43)
at java.lang.reflect.Method.invoke(Method.java:498)
at org.testng.internal.MethodInvocationHelper.invokeMethod(MethodInvocationHelper.java:124)
at org.testng.internal.Invoker.invokeMethod(Invoker.java:583)
at org.testng.internal.Invoker.invokeTestMethod(Invoker.java:719)
at org.testng.internal.Invoker.invokeTestMethods(Invoker.java:989)
at org.testng.internal.TestMethodWorker.invokeTestMethods(TestMethodWorker.java:125)
at org.testng.internal.TestMethodWorker.run(TestMethodWorker.java:109)
at org.testng.TestRunner.privateRun(TestRunner.java:648)
at org.testng.TestRunner.run(TestRunner.java:505)
at org.testng.SuiteRunner.runTest(SuiteRunner.java:455)
at org.testng.SuiteRunner.runSequentially(SuiteRunner.java:450)
at org.testng.SuiteRunner.privateRun(SuiteRunner.java:415)
at org.testng.SuiteRunner.run(SuiteRunner.java:364)
at org.testng.SuiteRunnerWorker.runSuite(SuiteRunnerWorker.java:52)
at org.testng.SuiteRunnerWorker.run(SuiteRunnerWorker.java:84)
at org.testng.TestNG.runSuitesSequentially(TestNG.java:1208)
at org.testng.TestNG.runSuitesLocally(TestNG.java:1137)
at org.testng.TestNG.runSuites(TestNG.java:1049)
at org.testng.TestNG.run(TestNG.java:1017)
at org.testng.remote.AbstractRemoteTestNG.run(AbstractRemoteTestNG.java:115)
at org.testng.remote.RemoteTestNG.initAndRun(RemoteTestNG.java:251)
at org.testng.remote.RemoteTestNG.main(RemoteTestNG.java:77)
]]>
            </full-stacktrace>
          </exception> <!-- org.openqa.selenium.NoSuchElementException -->
          <reporter-output>
          </reporter-output>
        </test-method> <!-- validCredentials -->
        <test-method status="PASS" signature="getResult(org.testng.ITestResult)[pri:0, instance:validTestcases.ValidLogin@31304f14]" name="getResult" is-config="true" duration-ms="987" started-at="2020-10-04T18:06:24Z" finished-at="2020-10-04T18:06:25Z">
          <params>
            <param index="0">
              <value>
                <![CDATA[[TestResult name=validCredentials status=FAILURE method=ValidLogin.validCredentials(java.lang.String, java.lang.String, java.lang.String)[pri:3, instance:validTestcases.ValidLogin@31304f14] output={null}]]]>
              </value>
            </param>
          </params>
          <reporter-output>
          </reporter-output>
        </test-method> <!-- getResult -->
        <test-method status="PASS" signature="viewMonitor()[pri:4, instance:validTestcases.ValidLogin@31304f14]" name="viewMonitor" duration-ms="1941" started-at="2020-10-04T18:06:25Z" finished-at="2020-10-04T18:06:27Z">
          <reporter-output>
          </reporter-output>
        </test-method> <!-- viewMonitor -->
        <test-method status="PASS" signature="getResult(org.testng.ITestResult)[pri:0, instance:validTestcases.ValidLogin@31304f14]" name="getResult" is-config="true" duration-ms="0" started-at="2020-10-04T18:06:27Z" finished-at="2020-10-04T18:06:27Z">
          <params>
            <param index="0">
              <value>
                <![CDATA[[TestResult name=viewMonitor status=SUCCESS method=ValidLogin.viewMonitor()[pri:4, instance:validTestcases.ValidLogin@31304f14] output={null}]]]>
              </value>
            </param>
          </params>
          <reporter-output>
          </reporter-output>
        </test-method> <!-- getResult -->
        <test-method status="PASS" signature="dropdownSelection()[pri:5, instance:validTestcases.ValidLogin@31304f14]" name="dropdownSelection" duration-ms="46337" started-at="2020-10-04T18:06:27Z" finished-at="2020-10-04T18:07:13Z">
          <reporter-output>
          </reporter-output>
        </test-method> <!-- dropdownSelection -->
        <test-method status="PASS" signature="getResult(org.testng.ITestResult)[pri:0, instance:validTestcases.ValidLogin@31304f14]" name="getResult" is-config="true" duration-ms="1" started-at="2020-10-04T18:07:13Z" finished-at="2020-10-04T18:07:13Z">
          <params>
            <param index="0">
              <value>
                <![CDATA[[TestResult name=dropdownSelection status=SUCCESS method=ValidLogin.dropdownSelection()[pri:5, instance:validTestcases.ValidLogin@31304f14] output={null}]]]>
              </value>
            </param>
          </params>
          <reporter-output>
          </reporter-output>
        </test-method> <!-- getResult -->
        <test-method status="PASS" signature="logOut()[pri:6, instance:validTestcases.ValidLogin@31304f14]" name="logOut" duration-ms="1416" started-at="2020-10-04T18:07:13Z" finished-at="2020-10-04T18:07:15Z">
          <reporter-output>
          </reporter-output>
        </test-method> <!-- logOut -->
        <test-method status="PASS" signature="getResult(org.testng.ITestResult)[pri:0, instance:validTestcases.ValidLogin@31304f14]" name="getResult" is-config="true" duration-ms="0" started-at="2020-10-04T18:07:15Z" finished-at="2020-10-04T18:07:15Z">
          <params>
            <param index="0">
              <value>
                <![CDATA[[TestResult name=logOut status=SUCCESS method=ValidLogin.logOut()[pri:6, instance:validTestcases.ValidLogin@31304f14] output={null}]]]>
              </value>
            </param>
          </params>
          <reporter-output>
          </reporter-output>
        </test-method> <!-- getResult -->
        <test-method status="PASS" signature="endReport()[pri:0, instance:validTestcases.ValidLogin@31304f14]" name="endReport" is-config="true" duration-ms="51" started-at="2020-10-04T18:07:15Z" finished-at="2020-10-04T18:07:15Z">
          <reporter-output>
          </reporter-output>
        </test-method> <!-- endReport -->
        <test-method status="PASS" signature="tearDown()[pri:0, instance:validTestcases.ValidLogin@31304f14]" name="tearDown" is-config="true" duration-ms="825" started-at="2020-10-04T18:07:15Z" finished-at="2020-10-04T18:07:15Z">
          <reporter-output>
          </reporter-output>
        </test-method> <!-- tearDown -->
      </class> <!-- validTestcases.ValidLogin -->
    </test> <!-- ValidLogin -->
  </suite> <!-- OsintMon Suite -->
</testng-results>
